<?xml version="1.0" encoding="UTF-8"?>
<robot generator="Robot 7.4.2 (Python 3.14.4 on win32)" generated="2026-06-29T00:15:39.977582" rpa="false" schemaversion="5">
<suite id="s1" name="RegisterTestcases" source="C:\Users\window\Desktop\Certificate\Episode7 ทดสอบเว็บแอปพลิเคชันด้วย Robot Framework และ Selenium\automate-future-skill\testcases\RegisterTestcases.robot">
<kw name="Open Browser" owner="SeleniumLibrary" type="SETUP">
<msg time="2026-06-29T00:15:40.101682" level="INFO">Opening browser 'Chrome' to base url 'https://futureskill.co/'.</msg>
<arg>${baseUrl}</arg>
<arg>Chrome</arg>
<doc>Opens a new browser instance to the optional ``url``.</doc>
<status status="PASS" start="2026-06-29T00:15:40.101526" elapsed="5.700557"/>
</kw>
<test id="s1-t1" name="User Should Be Able To Register From Home Page Successfully" line="11">
<kw name="Click Register Button On Home Page" owner="RegisterPageKeywords">
<kw name="Wait until element is ready then click element" owner="CommonKeywords">
<kw name="Wait Until Keyword Succeeds" owner="BuiltIn">
<kw name="Click Element" owner="SeleniumLibrary">
<msg time="2026-06-29T00:15:45.806062" level="INFO">Clicking element 'xpath=//button[contains(text(), 'สมัครสมาชิก')]'.</msg>
<arg>${locator}</arg>
<doc>Click the element identified by ``locator``.</doc>
<status status="PASS" start="2026-06-29T00:15:45.805637" elapsed="2.831333"/>
</kw>
<arg>5x</arg>
<arg>2s</arg>
<arg>Click Element</arg>
<arg>${locator}</arg>
<doc>Runs the specified keyword and retries if it fails.</doc>
<status status="PASS" start="2026-06-29T00:15:45.804915" elapsed="2.832255"/>
</kw>
<arg>${REG_HOME_REGISTER_BTN}</arg>
<status status="PASS" start="2026-06-29T00:15:45.804408" elapsed="2.832849"/>
</kw>
<status status="PASS" start="2026-06-29T00:15:45.803940" elapsed="2.833371"/>
</kw>
<kw name="Fill Registration Form" owner="RegisterPageKeywords">
<kw name="Wait until element is ready then input text" owner="CommonKeywords">
<kw name="Wait Until Keyword Succeeds" owner="BuiltIn">
<kw name="Input Text" owner="SeleniumLibrary">
<msg time="2026-06-29T00:15:48.639852" level="INFO">Typing text 'Satanun.test01@gmail.com' into text field 'xpath=//input[@name='email']'.</msg>
<arg>${locator}</arg>
<arg>${text}</arg>
<doc>Types the given ``text`` into the text field identified by ``locator``.</doc>
<status status="PASS" start="2026-06-29T00:15:48.639467" elapsed="0.103407"/>
</kw>
<arg>5x</arg>
<arg>2s</arg>
<arg>Input Text</arg>
<arg>${locator}</arg>
<arg>${text}</arg>
<doc>Runs the specified keyword and retries if it fails.</doc>
<status status="PASS" start="2026-06-29T00:15:48.638968" elapsed="0.104074"/>
</kw>
<arg>${REG_EMAIL_INPUT}</arg>
<arg>${email}</arg>
<status status="PASS" start="2026-06-29T00:15:48.638779" elapsed="0.104381"/>
</kw>
<kw name="Wait until element is ready then input text" owner="CommonKeywords">
<kw name="Wait Until Keyword Succeeds" owner="BuiltIn">
<kw name="Input Text" owner="SeleniumLibrary">
<msg time="2026-06-29T00:15:48.744831" level="INFO">Typing text 'Satanun' into text field 'xpath=//input[@name='firstName']'.</msg>
<arg>${locator}</arg>
<arg>${text}</arg>
<doc>Types the given ``text`` into the text field identified by ``locator``.</doc>
<status status="PASS" start="2026-06-29T00:15:48.744540" elapsed="0.067884"/>
</kw>
<arg>5x</arg>
<arg>2s</arg>
<arg>Input Text</arg>
<arg>${locator}</arg>
<arg>${text}</arg>
<doc>Runs the specified keyword and retries if it fails.</doc>
<status status="PASS" start="2026-06-29T00:15:48.743953" elapsed="0.068607"/>
</kw>
<arg>${REG_FIRSTNAME_INPUT}</arg>
<arg>${firstname}</arg>
<status status="PASS" start="2026-06-29T00:15:48.743454" elapsed="0.069194"/>
</kw>
<kw name="Wait until element is ready then input text" owner="CommonKeywords">
<kw name="Wait Until Keyword Succeeds" owner="BuiltIn">
<kw name="Input Text" owner="SeleniumLibrary">
<msg time="2026-06-29T00:15:48.814236" level="INFO">Typing text 'Srita' into text field 'xpath=//input[@name='lastName']'.</msg>
<arg>${locator}</arg>
<arg>${text}</arg>
<doc>Types the given ``text`` into the text field identified by ``locator``.</doc>
<status status="PASS" start="2026-06-29T00:15:48.813948" elapsed="0.038663"/>
</kw>
<arg>5x</arg>
<arg>2s</arg>
<arg>Input Text</arg>
<arg>${locator}</arg>
<arg>${text}</arg>
<doc>Runs the specified keyword and retries if it fails.</doc>
<status status="PASS" start="2026-06-29T00:15:48.813340" elapsed="0.039378"/>
</kw>
<arg>${REG_LASTNAME_INPUT}</arg>
<arg>${lastname}</arg>
<status status="PASS" start="2026-06-29T00:15:48.812858" elapsed="0.039926"/>
</kw>
<kw name="Wait until element is ready then input text" owner="CommonKeywords">
<kw name="Wait Until Keyword Succeeds" owner="BuiltIn">
<kw name="Input Text" owner="SeleniumLibrary">
<msg time="2026-06-29T00:15:48.853744" level="INFO">Typing text '0966851234' into text field 'xpath=//input[@name='phoneNumber']'.</msg>
<arg>${locator}</arg>
<arg>${text}</arg>
<doc>Types the given ``text`` into the text field identified by ``locator``.</doc>
<status status="PASS" start="2026-06-29T00:15:48.853581" elapsed="0.040360"/>
</kw>
<arg>5x</arg>
<arg>2s</arg>
<arg>Input Text</arg>
<arg>${locator}</arg>
<arg>${text}</arg>
<doc>Runs the specified keyword and retries if it fails.</doc>
<status status="PASS" start="2026-06-29T00:15:48.853250" elapsed="0.040798"/>
</kw>
<arg>${REG_PHONE_INPUT}</arg>
<arg>${phone}</arg>
<status status="PASS" start="2026-06-29T00:15:48.852950" elapsed="0.041165"/>
</kw>
<kw name="Wait until element is ready then input text" owner="CommonKeywords">
<kw name="Wait Until Keyword Succeeds" owner="BuiltIn">
<kw name="Input Text" owner="SeleniumLibrary">
<msg time="2026-06-29T00:15:48.895086" level="INFO">Typing text 'Password12345' into text field 'xpath=//input[@name='newPassword']'.</msg>
<arg>${locator}</arg>
<arg>${text}</arg>
<doc>Types the given ``text`` into the text field identified by ``locator``.</doc>
<status status="PASS" start="2026-06-29T00:15:48.894925" elapsed="0.044650"/>
</kw>
<arg>5x</arg>
<arg>2s</arg>
<arg>Input Text</arg>
<arg>${locator}</arg>
<arg>${text}</arg>
<doc>Runs the specified keyword and retries if it fails.</doc>
<status status="PASS" start="2026-06-29T00:15:48.894589" elapsed="0.045092"/>
</kw>
<arg>${REG_PASSWORD_INPUT}</arg>
<arg>${password}</arg>
<status status="PASS" start="2026-06-29T00:15:48.894284" elapsed="0.045470"/>
</kw>
<kw name="Wait until element is ready then input text" owner="CommonKeywords">
<kw name="Wait Until Keyword Succeeds" owner="BuiltIn">
<kw name="Input Text" owner="SeleniumLibrary">
<msg time="2026-06-29T00:15:48.940675" level="INFO">Typing text 'Password12345' into text field 'xpath=//input[@name='confirmPassword']'.</msg>
<arg>${locator}</arg>
<arg>${text}</arg>
<doc>Types the given ``text`` into the text field identified by ``locator``.</doc>
<status status="PASS" start="2026-06-29T00:15:48.940525" elapsed="0.058167"/>
</kw>
<arg>5x</arg>
<arg>2s</arg>
<arg>Input Text</arg>
<arg>${locator}</arg>
<arg>${text}</arg>
<doc>Runs the specified keyword and retries if it fails.</doc>
<status status="PASS" start="2026-06-29T00:15:48.940210" elapsed="0.058591"/>
</kw>
<arg>${REG_CONFIRM_PASSWORD}</arg>
<arg>${password}</arg>
<status status="PASS" start="2026-06-29T00:15:48.939921" elapsed="0.058952"/>
</kw>
<arg>${User_Register_Data.email}</arg>
<arg>${User_Register_Data.firstName}</arg>
<arg>${User_Register_Data.lastName}</arg>
<arg>${User_Register_Data.phone}</arg>
<arg>${User_Register_Data.password}</arg>
<status status="PASS" start="2026-06-29T00:15:48.637646" elapsed="0.361275"/>
</kw>
<kw name="Accept FutureSkill Terms And Conditions" owner="RegisterPageKeywords">
<kw name="Wait until element is ready then click element" owner="CommonKeywords">
<kw name="Wait Until Keyword Succeeds" owner="BuiltIn">
<kw name="Click Element" owner="SeleniumLibrary">
<msg time="2026-06-29T00:15:49.000262" level="INFO">Clicking element 'xpath=//input[@type='checkbox']'.</msg>
<arg>${locator}</arg>
<doc>Click the element identified by ``locator``.</doc>
<status status="PASS" start="2026-06-29T00:15:49.000074" elapsed="0.034900"/>
</kw>
<arg>5x</arg>
<arg>2s</arg>
<arg>Click Element</arg>
<arg>${locator}</arg>
<doc>Runs the specified keyword and retries if it fails.</doc>
<status status="PASS" start="2026-06-29T00:15:48.999686" elapsed="0.035446"/>
</kw>
<arg>${REG_ACCEPT_TERM_CHKBX}</arg>
<status status="PASS" start="2026-06-29T00:15:48.999485" elapsed="0.035763"/>
</kw>
<status status="PASS" start="2026-06-29T00:15:48.999228" elapsed="0.036103"/>
</kw>
<kw name="Submit Registration Form" owner="RegisterPageKeywords">
<kw name="Wait until element is ready then click element" owner="CommonKeywords">
<kw name="Wait Until Keyword Succeeds" owner="BuiltIn">
<kw name="Click Element" owner="SeleniumLibrary">
<msg time="2026-06-29T00:15:49.036575" level="INFO">Clicking element 'xpath=//button[@type='submit' and contains(text(), 'สมัครสมาชิก')]'.</msg>
<arg>${locator}</arg>
<doc>Click the element identified by ``locator``.</doc>
<status status="PASS" start="2026-06-29T00:15:49.036435" elapsed="0.049756"/>
</kw>
<arg>5x</arg>
<arg>2s</arg>
<arg>Click Element</arg>
<arg>${locator}</arg>
<doc>Runs the specified keyword and retries if it fails.</doc>
<status status="PASS" start="2026-06-29T00:15:49.036169" elapsed="0.050159"/>
</kw>
<arg>${REG_SUBMIT_BUTTON}</arg>
<status status="PASS" start="2026-06-29T00:15:49.036007" elapsed="0.050417"/>
</kw>
<status status="PASS" start="2026-06-29T00:15:49.035770" elapsed="0.050719"/>
</kw>
<kw name="Verify OTP Message Is Displayed" owner="RegisterPageKeywords">
<kw name="Wait until page contains element then verify text" owner="CommonKeywords">
<kw name="Wait Until Keyword Succeeds" owner="BuiltIn">
<kw name="Page Should Contain" owner="SeleniumLibrary">
<msg time="2026-06-29T00:15:49.256899" level="INFO" html="true">&lt;/td&gt;&lt;/tr&gt;&lt;tr&gt;&lt;td colspan="3"&gt;&lt;a href="selenium-screenshot-1.png"&gt;&lt;img src="selenium-screenshot-1.png" width="800px"&gt;&lt;/a&gt;</msg>
<msg time="2026-06-29T00:15:49.257165" level="FAIL">Page should have contained text 'ระบบได้ส่งรหัส OTP ไปยังเบอร์โทรศัพท์' but did not.</msg>
<arg>${expected_text}</arg>
<doc>Verifies that current page contains ``text``.</doc>
<status status="FAIL" start="2026-06-29T00:15:49.087702" elapsed="0.172123">Page should have contained text 'ระบบได้ส่งรหัส OTP ไปยังเบอร์โทรศัพท์' but did not.</status>
</kw>
<kw name="Page Should Contain" owner="SeleniumLibrary">
<msg time="2026-06-29T00:15:51.274550" level="INFO">Current page contains text 'ระบบได้ส่งรหัส OTP ไปยังเบอร์โทรศัพท์'.</msg>
<arg>${expected_text}</arg>
<doc>Verifies that current page contains ``text``.</doc>
<status status="PASS" start="2026-06-29T00:15:51.260541" elapsed="0.014137"/>
</kw>
<arg>5x</arg>
<arg>2s</arg>
<arg>Page Should Contain</arg>
<arg>${expected_text}</arg>
<doc>Runs the specified keyword and retries if it fails.</doc>
<status status="PASS" start="2026-06-29T00:15:49.087316" elapsed="2.187491"/>
</kw>
<arg>${message}</arg>
<status status="PASS" start="2026-06-29T00:15:49.087146" elapsed="2.187780"/>
</kw>
<arg>ระบบได้ส่งรหัส OTP ไปยังเบอร์โทรศัพท์</arg>
<status status="PASS" start="2026-06-29T00:15:49.086853" elapsed="2.188160"/>
</kw>
<doc>ทดสอบการสมัครสมาชิก Future Skill เริ่มต้นจากหน้าแรกสุด (11 Steps)</doc>
<status status="PASS" start="2026-06-29T00:15:45.802369" elapsed="5.473016"/>
</test>
<kw name="Close Browser" owner="SeleniumLibrary" type="TEARDOWN">
<doc>Closes the current browser.</doc>
<status status="PASS" start="2026-06-29T00:15:51.276401" elapsed="2.103663"/>
</kw>
<status status="PASS" start="2026-06-29T00:15:39.978513" elapsed="13.401679"/>
</suite>
<statistics>
<total>
<stat pass="1" fail="0" skip="0">All Tests</stat>
</total>
<tag>
</tag>
<suite>
<stat name="RegisterTestcases" id="s1" pass="1" fail="0" skip="0">RegisterTestcases</stat>
</suite>
</statistics>
<errors>
</errors>
</robot>
